<?xml version="1.0" encoding="UTF-8"?>
<!-- Generated by org.testng.reporters.JUnitReportReporter -->
<testsuite hostname="LAPTOP-KPIT77A2" failures="0" tests="1" name="com.monkBot.testcases.Login" time="12.704" errors="0" timestamp="2022-07-27T21:08:07 IST" skipped="0">
  <testcase classname="com.monkBot.testcases.Login" name="loginFunction" time="12.704"/>
  <system-out/>
</testsuite> <!-- com.monkBot.testcases.Login -->
