<?xml version="1.0" encoding="UTF-8"?>
<!-- Generated by org.testng.reporters.JUnitReportReporter -->
<testsuite skipped="0" hostname="Techlab-PC" name="com.leafBot.testcases.ACME_VerifyCountryName" tests="1" failures="0" timestamp="20 Jun 2020 17:31:17 GMT" time="15.362" errors="0">
  <testcase name="verifyVendorName" time="15.362" classname="com.leafBot.testcases.ACME_VerifyCountryName"/>
</testsuite> <!-- com.leafBot.testcases.ACME_VerifyCountryName -->
